Determining if the pthread_create exist failed with the following output:
Change Dir: /home/siasun/urdf/build/CMakeFiles/CMakeTmp

Run Build Command:"/usr/bin/make" "cmTC_97a61/fast"
/usr/bin/make -f CMakeFiles/cmTC_97a61.dir/build.make CMakeFiles/cmTC_97a61.dir/build
make[1]: Entering directory '/home/siasun/urdf/build/CMakeFiles/CMakeTmp'
Building C object CMakeFiles/cmTC_97a61.dir/CheckSymbolExists.c.o
/opt/windriver/wrlinux/5.0-intel-atom-baytrail/sysroots/x86_64-wrlinuxsdk-linux/usr/bin/atom-wrs-linux/atom-wrswrap-linux-gnu-gcc     -o CMakeFiles/cmTC_97a61.dir/CheckSymbolExists.c.o   -c /home/siasun/urdf/build/CMakeFiles/CMakeTmp/CheckSymbolExists.c
Linking C executable cmTC_97a61
/usr/bin/cmake -E cmake_link_script CMakeFiles/cmTC_97a61.dir/link.txt --verbose=1
/opt/windriver/wrlinux/5.0-intel-atom-baytrail/sysroots/x86_64-wrlinuxsdk-linux/usr/bin/atom-wrs-linux/atom-wrswrap-linux-gnu-gcc       CMakeFiles/cmTC_97a61.dir/CheckSymbolExists.c.o  -o cmTC_97a61 -rdynamic 
CMakeFiles/cmTC_97a61.dir/CheckSymbolExists.c.o: In function `main':
CheckSymbolExists.c:(.text+0xa): undefined reference to `pthread_create'
collect2: ld returned 1 exit status
CMakeFiles/cmTC_97a61.dir/build.make:97: recipe for target 'cmTC_97a61' failed
make[1]: *** [cmTC_97a61] Error 1
make[1]: Leaving directory '/home/siasun/urdf/build/CMakeFiles/CMakeTmp'
Makefile:126: recipe for target 'cmTC_97a61/fast' failed
make: *** [cmTC_97a61/fast] Error 2

File /home/siasun/urdf/build/CMakeFiles/CMakeTmp/CheckSymbolExists.c:
/* */
#include <pthread.h>

int main(int argc, char** argv)
{
  (void)argv;
#ifndef pthread_create
  return ((int*)(&pthread_create))[argc];
#else
  (void)argc;
  return 0;
#endif
}

Determining if the function pthread_create exists in the pthreads failed with the following output:
Change Dir: /home/siasun/urdf/build/CMakeFiles/CMakeTmp

Run Build Command:"/usr/bin/make" "cmTC_fc8e4/fast"
/usr/bin/make -f CMakeFiles/cmTC_fc8e4.dir/build.make CMakeFiles/cmTC_fc8e4.dir/build
make[1]: Entering directory '/home/siasun/urdf/build/CMakeFiles/CMakeTmp'
Building C object CMakeFiles/cmTC_fc8e4.dir/CheckFunctionExists.c.o
/opt/windriver/wrlinux/5.0-intel-atom-baytrail/sysroots/x86_64-wrlinuxsdk-linux/usr/bin/atom-wrs-linux/atom-wrswrap-linux-gnu-gcc    -DCHECK_FUNCTION_EXISTS=pthread_create   -o CMakeFiles/cmTC_fc8e4.dir/CheckFunctionExists.c.o   -c /usr/share/cmake-3.5/Modules/CheckFunctionExists.c
Linking C executable cmTC_fc8e4
/usr/bin/cmake -E cmake_link_script CMakeFiles/cmTC_fc8e4.dir/link.txt --verbose=1
/opt/windriver/wrlinux/5.0-intel-atom-baytrail/sysroots/x86_64-wrlinuxsdk-linux/usr/bin/atom-wrs-linux/atom-wrswrap-linux-gnu-gcc   -DCHECK_FUNCTION_EXISTS=pthread_create    CMakeFiles/cmTC_fc8e4.dir/CheckFunctionExists.c.o  -o cmTC_fc8e4 -rdynamic -lpthreads 
/opt/windriver/wrlinux/5.0-intel-atom-baytrail/sysroots/x86_64-wrlinuxsdk-linux/usr/toolchain/bin/../lib/gcc/i686-wrs-linux-gnu/4.6.3/../../../../i686-wrs-linux-gnu/bin/ld: cannot find -lpthreads
collect2: ld returned 1 exit status
CMakeFiles/cmTC_fc8e4.dir/build.make:97: recipe for target 'cmTC_fc8e4' failed
make[1]: *** [cmTC_fc8e4] Error 1
make[1]: Leaving directory '/home/siasun/urdf/build/CMakeFiles/CMakeTmp'
Makefile:126: recipe for target 'cmTC_fc8e4/fast' failed
make: *** [cmTC_fc8e4/fast] Error 2


